<?xml version="1.0" encoding="UTF-8"?>
<testng-results skipped="0" failed="0" ignored="0" total="1" passed="1">
  <reporter-output>
  </reporter-output>
  <suite name="Default suite" duration-ms="684" started-at="2022-01-25T12:38:11 IST" finished-at="2022-01-25T12:38:12 IST">
    <groups>
    </groups>
    <test name="Default test" duration-ms="684" started-at="2022-01-25T12:38:11 IST" finished-at="2022-01-25T12:38:12 IST">
      <class name="selenium.exelDDT">
        <test-method status="PASS" signature="getSheetName()[pri:0, instance:selenium.exelDDT@4232c52b]" name="getSheetName" duration-ms="647" started-at="2022-01-25T12:38:11 IST" finished-at="2022-01-25T12:38:12 IST">
          <reporter-output>
          </reporter-output>
        </test-method> <!-- getSheetName -->
      </class> <!-- selenium.exelDDT -->
    </test> <!-- Default test -->
  </suite> <!-- Default suite -->
</testng-results>
