<?xml version="1.0" encoding="UTF-8"?>
<testng-results skipped="0" failed="0" ignored="0" total="2" passed="2">
  <reporter-output>
  </reporter-output>
  <suite name="Default suite" duration-ms="139" started-at="2021-12-29T17:10:36 IST" finished-at="2021-12-29T17:10:36 IST">
    <groups>
    </groups>
    <test name="Default test" duration-ms="139" started-at="2021-12-29T17:10:36 IST" finished-at="2021-12-29T17:10:36 IST">
      <class name="qaclickacdemy.apitest">
        <test-method status="PASS" signature="apitest()[pri:0, instance:qaclickacdemy.apitest@2aff9dff]" name="apitest" duration-ms="18" started-at="2021-12-29T17:10:36 IST" finished-at="2021-12-29T17:10:36 IST">
          <reporter-output>
          </reporter-output>
        </test-method> <!-- apitest -->
        <test-method status="PASS" signature="demo()[pri:0, instance:qaclickacdemy.apitest@2aff9dff]" name="demo" duration-ms="1" started-at="2021-12-29T17:10:36 IST" finished-at="2021-12-29T17:10:36 IST">
          <reporter-output>
          </reporter-output>
        </test-method> <!-- demo -->
      </class> <!-- qaclickacdemy.apitest -->
    </test> <!-- Default test -->
  </suite> <!-- Default suite -->
</testng-results>
